<?xml version="1.0" encoding="UTF-8"?>
<testng-results ignored="0" total="1" passed="1" failed="0" skipped="0">
  <reporter-output>
  </reporter-output>
  <suite started-at="2024-04-10T17:22:00 IST" name="Suite" finished-at="2024-04-10T17:22:10 IST" duration-ms="9405">
    <groups>
    </groups>
    <test started-at="2024-04-10T17:22:00 IST" name="Test" finished-at="2024-04-10T17:22:10 IST" duration-ms="9405">
      <class name="DemoJenkins.selenium.App">
        <test-method signature="searchOnGoogle()[pri:0, instance:DemoJenkins.selenium.App@28975c28]" started-at="2024-04-10T17:22:00 IST" name="searchOnGoogle" finished-at="2024-04-10T17:22:10 IST" duration-ms="9368" status="PASS">
          <reporter-output>
          </reporter-output>
        </test-method> <!-- searchOnGoogle -->
      </class> <!-- DemoJenkins.selenium.App -->
    </test> <!-- Test -->
  </suite> <!-- Suite -->
</testng-results>
