<?xml version="1.0" encoding="UTF-8"?>
<testng-results ignored="0" total="1" passed="1" failed="0" skipped="0">
  <reporter-output>
  </reporter-output>
  <suite started-at="2024-04-10T15:29:18 IST" name="Suite" finished-at="2024-04-10T15:29:26 IST" duration-ms="8091">
    <groups>
    </groups>
    <test started-at="2024-04-10T15:29:18 IST" name="Test" finished-at="2024-04-10T15:29:26 IST" duration-ms="8091">
      <class name="DemoJenkins.selenium.App">
        <test-method signature="searchOnGoogle()[pri:0, instance:DemoJenkins.selenium.App@123ef382]" started-at="2024-04-10T15:29:18 IST" name="searchOnGoogle" finished-at="2024-04-10T15:29:26 IST" duration-ms="8063" status="PASS">
          <reporter-output>
          </reporter-output>
        </test-method> <!-- searchOnGoogle -->
      </class> <!-- DemoJenkins.selenium.App -->
    </test> <!-- Test -->
  </suite> <!-- Suite -->
</testng-results>
